{"/home/anas/repos/Microverse/Full TimeStudent/To-do-List/modules/store.js": {"path":"/home/anas/repos/Microverse/Full TimeStudent/To-do-List/modules/store.js","statementMap":{"0":{"start":{"line":2,"column":20},"end":{"line":10,"column":3}},"1":{"start":{"line":4,"column":4},"end":{"line":8,"column":5}},"2":{"start":{"line":5,"column":6},"end":{"line":5,"column":17}},"3":{"start":{"line":7,"column":6},"end":{"line":7,"column":56}},"4":{"start":{"line":9,"column":4},"end":{"line":9,"column":17}},"5":{"start":{"line":12,"column":19},"end":{"line":16,"column":3}},"6":{"start":{"line":13,"column":18},"end":{"line":13,"column":33}},"7":{"start":{"line":14,"column":4},"end":{"line":14,"column":21}},"8":{"start":{"line":15,"column":4},"end":{"line":15,"column":57}},"9":{"start":{"line":20,"column":22},"end":{"line":24,"column":3}},"10":{"start":{"line":21,"column":16},"end":{"line":21,"column":31}},"11":{"start":{"line":22,"column":4},"end":{"line":22,"column":54}},"12":{"start":{"line":22,"column":35},"end":{"line":22,"column":52}},"13":{"start":{"line":23,"column":4},"end":{"line":23,"column":57}}},"fnMap":{"0":{"name":"(anonymous_0)","decl":{"start":{"line":2,"column":20},"end":{"line":2,"column":21}},"loc":{"start":{"line":2,"column":26},"end":{"line":10,"column":3}},"line":2},"1":{"name":"(anonymous_1)","decl":{"start":{"line":12,"column":19},"end":{"line":12,"column":20}},"loc":{"start":{"line":12,"column":29},"end":{"line":16,"column":3}},"line":12},"2":{"name":"(anonymous_2)","decl":{"start":{"line":20,"column":22},"end":{"line":20,"column":23}},"loc":{"start":{"line":20,"column":30},"end":{"line":24,"column":3}},"line":20},"3":{"name":"(anonymous_3)","decl":{"start":{"line":22,"column":25},"end":{"line":22,"column":26}},"loc":{"start":{"line":22,"column":35},"end":{"line":22,"column":52}},"line":22}},"branchMap":{"0":{"loc":{"start":{"line":4,"column":4},"end":{"line":8,"column":5}},"type":"if","locations":[{"start":{"line":4,"column":4},"end":{"line":8,"column":5}},{"start":{"line":6,"column":11},"end":{"line":8,"column":5}}],"line":4}},"s":{"0":1,"1":2,"2":1,"3":1,"4":2,"5":1,"6":1,"7":1,"8":1,"9":1,"10":0,"11":0,"12":0,"13":0},"f":{"0":2,"1":1,"2":0,"3":0},"b":{"0":[1,1]},"_coverageSchema":"1a1c01bbd47fc00a2c39e90264f33305004495a9","hash":"da7d4cd5b284539e1002f496c9f67c0024708436"}
}
